CRITICAL - 2020-05-27 07:47:44 --> Invalid file: {0}
#0 C:\xampp\htdocs\gis\system\View\View.php(228): CodeIgniter\Exceptions\FrameworkException::forInvalidFile('segment-jalan/a...')
#1 C:\xampp\htdocs\gis\system\Common.php(1087): CodeIgniter\View\View->render('segment-jalan/a...', Array, true)
#2 C:\xampp\htdocs\gis\app\Controllers\BaseController.php(138): view('segment-jalan/a...', Array)
#3 C:\xampp\htdocs\gis\app\Controllers\TableController.php(9): App\Controllers\BaseController->renderView('segment-jalan/a...', Array)
#4 C:\xampp\htdocs\gis\system\CodeIgniter.php(914): App\Controllers\TableController->airMolek()
#5 C:\xampp\htdocs\gis\system\CodeIgniter.php(400): CodeIgniter\CodeIgniter->runController(Object(App\Controllers\TableController))
#6 C:\xampp\htdocs\gis\system\CodeIgniter.php(308): CodeIgniter\CodeIgniter->handleRequest(NULL, Object(Config\Cache), false)
#7 C:\xampp\htdocs\gis\index.php(45): CodeIgniter\CodeIgniter->run()
#8 {main}
CRITICAL - 2020-05-27 07:47:49 --> Invalid file: {0}
#0 C:\xampp\htdocs\gis\system\View\View.php(228): CodeIgniter\Exceptions\FrameworkException::forInvalidFile('segment-jalan/a...')
#1 C:\xampp\htdocs\gis\system\Common.php(1087): CodeIgniter\View\View->render('segment-jalan/a...', Array, true)
#2 C:\xampp\htdocs\gis\app\Controllers\BaseController.php(138): view('segment-jalan/a...', Array)
#3 C:\xampp\htdocs\gis\app\Controllers\TableController.php(9): App\Controllers\BaseController->renderView('segment-jalan/a...', Array)
#4 C:\xampp\htdocs\gis\system\CodeIgniter.php(914): App\Controllers\TableController->airMolek()
#5 C:\xampp\htdocs\gis\system\CodeIgniter.php(400): CodeIgniter\CodeIgniter->runController(Object(App\Controllers\TableController))
#6 C:\xampp\htdocs\gis\system\CodeIgniter.php(308): CodeIgniter\CodeIgniter->handleRequest(NULL, Object(Config\Cache), false)
#7 C:\xampp\htdocs\gis\index.php(45): CodeIgniter\CodeIgniter->run()
#8 {main}
CRITICAL - 2020-05-27 07:47:58 --> Invalid file: {0}
#0 C:\xampp\htdocs\gis\system\View\View.php(228): CodeIgniter\Exceptions\FrameworkException::forInvalidFile('segment-jalan/a...')
#1 C:\xampp\htdocs\gis\system\Common.php(1087): CodeIgniter\View\View->render('segment-jalan/a...', Array, true)
#2 C:\xampp\htdocs\gis\app\Controllers\BaseController.php(138): view('segment-jalan/a...', Array)
#3 C:\xampp\htdocs\gis\app\Controllers\TableController.php(9): App\Controllers\BaseController->renderView('segment-jalan/a...', Array)
#4 C:\xampp\htdocs\gis\system\CodeIgniter.php(914): App\Controllers\TableController->airMolek()
#5 C:\xampp\htdocs\gis\system\CodeIgniter.php(400): CodeIgniter\CodeIgniter->runController(Object(App\Controllers\TableController))
#6 C:\xampp\htdocs\gis\system\CodeIgniter.php(308): CodeIgniter\CodeIgniter->handleRequest(NULL, Object(Config\Cache), false)
#7 C:\xampp\htdocs\gis\index.php(45): CodeIgniter\CodeIgniter->run()
#8 {main}
CRITICAL - 2020-05-27 07:48:02 --> Invalid file: {0}
#0 C:\xampp\htdocs\gis\system\View\View.php(228): CodeIgniter\Exceptions\FrameworkException::forInvalidFile('segment-jalan/a...')
#1 C:\xampp\htdocs\gis\system\Common.php(1087): CodeIgniter\View\View->render('segment-jalan/a...', Array, true)
#2 C:\xampp\htdocs\gis\app\Controllers\BaseController.php(138): view('segment-jalan/a...', Array)
#3 C:\xampp\htdocs\gis\app\Controllers\TableController.php(9): App\Controllers\BaseController->renderView('segment-jalan/a...', Array)
#4 C:\xampp\htdocs\gis\system\CodeIgniter.php(914): App\Controllers\TableController->airMolek()
#5 C:\xampp\htdocs\gis\system\CodeIgniter.php(400): CodeIgniter\CodeIgniter->runController(Object(App\Controllers\TableController))
#6 C:\xampp\htdocs\gis\system\CodeIgniter.php(308): CodeIgniter\CodeIgniter->handleRequest(NULL, Object(Config\Cache), false)
#7 C:\xampp\htdocs\gis\index.php(45): CodeIgniter\CodeIgniter->run()
#8 {main}
CRITICAL - 2020-05-27 07:53:27 --> Using $this when not in object context
#0 C:\xampp\htdocs\gis\app\Controllers\TableController.php(10): CodeIgniter\Model::findAll()
#1 C:\xampp\htdocs\gis\system\CodeIgniter.php(914): App\Controllers\TableController->airMolek()
#2 C:\xampp\htdocs\gis\system\CodeIgniter.php(400): CodeIgniter\CodeIgniter->runController(Object(App\Controllers\TableController))
#3 C:\xampp\htdocs\gis\system\CodeIgniter.php(308): CodeIgniter\CodeIgniter->handleRequest(NULL, Object(Config\Cache), false)
#4 C:\xampp\htdocs\gis\index.php(45): CodeIgniter\CodeIgniter->run()
#5 {main}
CRITICAL - 2020-05-27 07:53:28 --> Using $this when not in object context
#0 C:\xampp\htdocs\gis\app\Controllers\TableController.php(10): CodeIgniter\Model::findAll()
#1 C:\xampp\htdocs\gis\system\CodeIgniter.php(914): App\Controllers\TableController->airMolek()
#2 C:\xampp\htdocs\gis\system\CodeIgniter.php(400): CodeIgniter\CodeIgniter->runController(Object(App\Controllers\TableController))
#3 C:\xampp\htdocs\gis\system\CodeIgniter.php(308): CodeIgniter\CodeIgniter->handleRequest(NULL, Object(Config\Cache), false)
#4 C:\xampp\htdocs\gis\index.php(45): CodeIgniter\CodeIgniter->run()
#5 {main}
CRITICAL - 2020-05-27 07:54:20 --> Access denied for user ''@'localhost' (using password: NO)
#0 C:\xampp\htdocs\gis\system\Database\BaseConnection.php(377): CodeIgniter\Database\MySQLi\Connection->connect(false)
#1 C:\xampp\htdocs\gis\system\Database\BaseConnection.php(643): CodeIgniter\Database\BaseConnection->initialize()
#2 C:\xampp\htdocs\gis\system\Database\BaseBuilder.php(1845): CodeIgniter\Database\BaseConnection->query('SELECT *\nFROM `...', Array, false)
#3 C:\xampp\htdocs\gis\system\Model.php(445): CodeIgniter\Database\BaseBuilder->get()
#4 C:\xampp\htdocs\gis\app\Controllers\TableController.php(11): CodeIgniter\Model->findAll()
#5 C:\xampp\htdocs\gis\system\CodeIgniter.php(914): App\Controllers\TableController->airMolek()
#6 C:\xampp\htdocs\gis\system\CodeIgniter.php(400): CodeIgniter\CodeIgniter->runController(Object(App\Controllers\TableController))
#7 C:\xampp\htdocs\gis\system\CodeIgniter.php(308): CodeIgniter\CodeIgniter->handleRequest(NULL, Object(Config\Cache), false)
#8 C:\xampp\htdocs\gis\index.php(45): CodeIgniter\CodeIgniter->run()
#9 {main}
CRITICAL - 2020-05-27 07:54:21 --> Access denied for user ''@'localhost' (using password: NO)
#0 C:\xampp\htdocs\gis\system\Database\BaseConnection.php(377): CodeIgniter\Database\MySQLi\Connection->connect(false)
#1 C:\xampp\htdocs\gis\system\Database\BaseConnection.php(643): CodeIgniter\Database\BaseConnection->initialize()
#2 C:\xampp\htdocs\gis\system\Database\BaseBuilder.php(1845): CodeIgniter\Database\BaseConnection->query('SELECT *\nFROM `...', Array, false)
#3 C:\xampp\htdocs\gis\system\Model.php(445): CodeIgniter\Database\BaseBuilder->get()
#4 C:\xampp\htdocs\gis\app\Controllers\TableController.php(11): CodeIgniter\Model->findAll()
#5 C:\xampp\htdocs\gis\system\CodeIgniter.php(914): App\Controllers\TableController->airMolek()
#6 C:\xampp\htdocs\gis\system\CodeIgniter.php(400): CodeIgniter\CodeIgniter->runController(Object(App\Controllers\TableController))
#7 C:\xampp\htdocs\gis\system\CodeIgniter.php(308): CodeIgniter\CodeIgniter->handleRequest(NULL, Object(Config\Cache), false)
#8 C:\xampp\htdocs\gis\index.php(45): CodeIgniter\CodeIgniter->run()
#9 {main}
CRITICAL - 2020-05-27 07:54:21 --> Access denied for user ''@'localhost' (using password: NO)
#0 C:\xampp\htdocs\gis\system\Database\BaseConnection.php(377): CodeIgniter\Database\MySQLi\Connection->connect(false)
#1 C:\xampp\htdocs\gis\system\Database\BaseConnection.php(643): CodeIgniter\Database\BaseConnection->initialize()
#2 C:\xampp\htdocs\gis\system\Database\BaseBuilder.php(1845): CodeIgniter\Database\BaseConnection->query('SELECT *\nFROM `...', Array, false)
#3 C:\xampp\htdocs\gis\system\Model.php(445): CodeIgniter\Database\BaseBuilder->get()
#4 C:\xampp\htdocs\gis\app\Controllers\TableController.php(11): CodeIgniter\Model->findAll()
#5 C:\xampp\htdocs\gis\system\CodeIgniter.php(914): App\Controllers\TableController->airMolek()
#6 C:\xampp\htdocs\gis\system\CodeIgniter.php(400): CodeIgniter\CodeIgniter->runController(Object(App\Controllers\TableController))
#7 C:\xampp\htdocs\gis\system\CodeIgniter.php(308): CodeIgniter\CodeIgniter->handleRequest(NULL, Object(Config\Cache), false)
#8 C:\xampp\htdocs\gis\index.php(45): CodeIgniter\CodeIgniter->run()
#9 {main}
CRITICAL - 2020-05-27 07:54:21 --> Access denied for user ''@'localhost' (using password: NO)
#0 C:\xampp\htdocs\gis\system\Database\BaseConnection.php(377): CodeIgniter\Database\MySQLi\Connection->connect(false)
#1 C:\xampp\htdocs\gis\system\Database\BaseConnection.php(643): CodeIgniter\Database\BaseConnection->initialize()
#2 C:\xampp\htdocs\gis\system\Database\BaseBuilder.php(1845): CodeIgniter\Database\BaseConnection->query('SELECT *\nFROM `...', Array, false)
#3 C:\xampp\htdocs\gis\system\Model.php(445): CodeIgniter\Database\BaseBuilder->get()
#4 C:\xampp\htdocs\gis\app\Controllers\TableController.php(11): CodeIgniter\Model->findAll()
#5 C:\xampp\htdocs\gis\system\CodeIgniter.php(914): App\Controllers\TableController->airMolek()
#6 C:\xampp\htdocs\gis\system\CodeIgniter.php(400): CodeIgniter\CodeIgniter->runController(Object(App\Controllers\TableController))
#7 C:\xampp\htdocs\gis\system\CodeIgniter.php(308): CodeIgniter\CodeIgniter->handleRequest(NULL, Object(Config\Cache), false)
#8 C:\xampp\htdocs\gis\index.php(45): CodeIgniter\CodeIgniter->run()
#9 {main}
CRITICAL - 2020-05-27 07:54:22 --> Access denied for user ''@'localhost' (using password: NO)
#0 C:\xampp\htdocs\gis\system\Database\BaseConnection.php(377): CodeIgniter\Database\MySQLi\Connection->connect(false)
#1 C:\xampp\htdocs\gis\system\Database\BaseConnection.php(643): CodeIgniter\Database\BaseConnection->initialize()
#2 C:\xampp\htdocs\gis\system\Database\BaseBuilder.php(1845): CodeIgniter\Database\BaseConnection->query('SELECT *\nFROM `...', Array, false)
#3 C:\xampp\htdocs\gis\system\Model.php(445): CodeIgniter\Database\BaseBuilder->get()
#4 C:\xampp\htdocs\gis\app\Controllers\TableController.php(11): CodeIgniter\Model->findAll()
#5 C:\xampp\htdocs\gis\system\CodeIgniter.php(914): App\Controllers\TableController->airMolek()
#6 C:\xampp\htdocs\gis\system\CodeIgniter.php(400): CodeIgniter\CodeIgniter->runController(Object(App\Controllers\TableController))
#7 C:\xampp\htdocs\gis\system\CodeIgniter.php(308): CodeIgniter\CodeIgniter->handleRequest(NULL, Object(Config\Cache), false)
#8 C:\xampp\htdocs\gis\index.php(45): CodeIgniter\CodeIgniter->run()
#9 {main}
CRITICAL - 2020-05-27 07:54:53 --> Access denied for user ''@'localhost' (using password: NO)
#0 C:\xampp\htdocs\gis\system\Database\BaseConnection.php(377): CodeIgniter\Database\MySQLi\Connection->connect(false)
#1 C:\xampp\htdocs\gis\system\Database\BaseConnection.php(643): CodeIgniter\Database\BaseConnection->initialize()
#2 C:\xampp\htdocs\gis\system\Database\BaseBuilder.php(1845): CodeIgniter\Database\BaseConnection->query('SELECT *\nFROM `...', Array, false)
#3 C:\xampp\htdocs\gis\system\Model.php(445): CodeIgniter\Database\BaseBuilder->get()
#4 C:\xampp\htdocs\gis\app\Controllers\TableController.php(11): CodeIgniter\Model->findAll()
#5 C:\xampp\htdocs\gis\system\CodeIgniter.php(914): App\Controllers\TableController->airMolek()
#6 C:\xampp\htdocs\gis\system\CodeIgniter.php(400): CodeIgniter\CodeIgniter->runController(Object(App\Controllers\TableController))
#7 C:\xampp\htdocs\gis\system\CodeIgniter.php(308): CodeIgniter\CodeIgniter->handleRequest(NULL, Object(Config\Cache), false)
#8 C:\xampp\htdocs\gis\index.php(45): CodeIgniter\CodeIgniter->run()
#9 {main}
CRITICAL - 2020-05-27 07:55:33 --> Access denied for user ''@'localhost' (using password: NO)
#0 C:\xampp\htdocs\gis\system\Database\BaseConnection.php(377): CodeIgniter\Database\MySQLi\Connection->connect(false)
#1 C:\xampp\htdocs\gis\system\Database\BaseConnection.php(643): CodeIgniter\Database\BaseConnection->initialize()
#2 C:\xampp\htdocs\gis\system\Database\BaseBuilder.php(1845): CodeIgniter\Database\BaseConnection->query('SELECT *\nFROM `...', Array, false)
#3 C:\xampp\htdocs\gis\system\Model.php(445): CodeIgniter\Database\BaseBuilder->get()
#4 C:\xampp\htdocs\gis\app\Controllers\TableController.php(11): CodeIgniter\Model->findAll()
#5 C:\xampp\htdocs\gis\system\CodeIgniter.php(914): App\Controllers\TableController->airMolek()
#6 C:\xampp\htdocs\gis\system\CodeIgniter.php(400): CodeIgniter\CodeIgniter->runController(Object(App\Controllers\TableController))
#7 C:\xampp\htdocs\gis\system\CodeIgniter.php(308): CodeIgniter\CodeIgniter->handleRequest(NULL, Object(Config\Cache), false)
#8 C:\xampp\htdocs\gis\index.php(45): CodeIgniter\CodeIgniter->run()
#9 {main}
CRITICAL - 2020-05-27 07:55:33 --> Access denied for user ''@'localhost' (using password: NO)
#0 C:\xampp\htdocs\gis\system\Database\BaseConnection.php(377): CodeIgniter\Database\MySQLi\Connection->connect(false)
#1 C:\xampp\htdocs\gis\system\Database\BaseConnection.php(643): CodeIgniter\Database\BaseConnection->initialize()
#2 C:\xampp\htdocs\gis\system\Database\BaseBuilder.php(1845): CodeIgniter\Database\BaseConnection->query('SELECT *\nFROM `...', Array, false)
#3 C:\xampp\htdocs\gis\system\Model.php(445): CodeIgniter\Database\BaseBuilder->get()
#4 C:\xampp\htdocs\gis\app\Controllers\TableController.php(11): CodeIgniter\Model->findAll()
#5 C:\xampp\htdocs\gis\system\CodeIgniter.php(914): App\Controllers\TableController->airMolek()
#6 C:\xampp\htdocs\gis\system\CodeIgniter.php(400): CodeIgniter\CodeIgniter->runController(Object(App\Controllers\TableController))
#7 C:\xampp\htdocs\gis\system\CodeIgniter.php(308): CodeIgniter\CodeIgniter->handleRequest(NULL, Object(Config\Cache), false)
#8 C:\xampp\htdocs\gis\index.php(45): CodeIgniter\CodeIgniter->run()
#9 {main}
CRITICAL - 2020-05-27 07:55:39 --> Access denied for user ''@'localhost' (using password: NO)
#0 C:\xampp\htdocs\gis\system\Database\BaseConnection.php(377): CodeIgniter\Database\MySQLi\Connection->connect(false)
#1 C:\xampp\htdocs\gis\system\Database\BaseConnection.php(643): CodeIgniter\Database\BaseConnection->initialize()
#2 C:\xampp\htdocs\gis\system\Database\BaseBuilder.php(1845): CodeIgniter\Database\BaseConnection->query('SELECT *\nFROM `...', Array, false)
#3 C:\xampp\htdocs\gis\system\Model.php(445): CodeIgniter\Database\BaseBuilder->get()
#4 C:\xampp\htdocs\gis\app\Controllers\TableController.php(11): CodeIgniter\Model->findAll()
#5 C:\xampp\htdocs\gis\system\CodeIgniter.php(914): App\Controllers\TableController->airMolek()
#6 C:\xampp\htdocs\gis\system\CodeIgniter.php(400): CodeIgniter\CodeIgniter->runController(Object(App\Controllers\TableController))
#7 C:\xampp\htdocs\gis\system\CodeIgniter.php(308): CodeIgniter\CodeIgniter->handleRequest(NULL, Object(Config\Cache), false)
#8 C:\xampp\htdocs\gis\index.php(45): CodeIgniter\CodeIgniter->run()
#9 {main}
CRITICAL - 2020-05-27 07:55:40 --> Access denied for user ''@'localhost' (using password: NO)
#0 C:\xampp\htdocs\gis\system\Database\BaseConnection.php(377): CodeIgniter\Database\MySQLi\Connection->connect(false)
#1 C:\xampp\htdocs\gis\system\Database\BaseConnection.php(643): CodeIgniter\Database\BaseConnection->initialize()
#2 C:\xampp\htdocs\gis\system\Database\BaseBuilder.php(1845): CodeIgniter\Database\BaseConnection->query('SELECT *\nFROM `...', Array, false)
#3 C:\xampp\htdocs\gis\system\Model.php(445): CodeIgniter\Database\BaseBuilder->get()
#4 C:\xampp\htdocs\gis\app\Controllers\TableController.php(11): CodeIgniter\Model->findAll()
#5 C:\xampp\htdocs\gis\system\CodeIgniter.php(914): App\Controllers\TableController->airMolek()
#6 C:\xampp\htdocs\gis\system\CodeIgniter.php(400): CodeIgniter\CodeIgniter->runController(Object(App\Controllers\TableController))
#7 C:\xampp\htdocs\gis\system\CodeIgniter.php(308): CodeIgniter\CodeIgniter->handleRequest(NULL, Object(Config\Cache), false)
#8 C:\xampp\htdocs\gis\index.php(45): CodeIgniter\CodeIgniter->run()
#9 {main}
CRITICAL - 2020-05-27 07:55:40 --> Access denied for user ''@'localhost' (using password: NO)
#0 C:\xampp\htdocs\gis\system\Database\BaseConnection.php(377): CodeIgniter\Database\MySQLi\Connection->connect(false)
#1 C:\xampp\htdocs\gis\system\Database\BaseConnection.php(643): CodeIgniter\Database\BaseConnection->initialize()
#2 C:\xampp\htdocs\gis\system\Database\BaseBuilder.php(1845): CodeIgniter\Database\BaseConnection->query('SELECT *\nFROM `...', Array, false)
#3 C:\xampp\htdocs\gis\system\Model.php(445): CodeIgniter\Database\BaseBuilder->get()
#4 C:\xampp\htdocs\gis\app\Controllers\TableController.php(11): CodeIgniter\Model->findAll()
#5 C:\xampp\htdocs\gis\system\CodeIgniter.php(914): App\Controllers\TableController->airMolek()
#6 C:\xampp\htdocs\gis\system\CodeIgniter.php(400): CodeIgniter\CodeIgniter->runController(Object(App\Controllers\TableController))
#7 C:\xampp\htdocs\gis\system\CodeIgniter.php(308): CodeIgniter\CodeIgniter->handleRequest(NULL, Object(Config\Cache), false)
#8 C:\xampp\htdocs\gis\index.php(45): CodeIgniter\CodeIgniter->run()
#9 {main}
CRITICAL - 2020-05-27 07:56:09 --> Access denied for user ''@'localhost' (using password: NO)
#0 C:\xampp\htdocs\gis\system\Database\BaseConnection.php(377): CodeIgniter\Database\MySQLi\Connection->connect(false)
#1 C:\xampp\htdocs\gis\system\Database\BaseConnection.php(643): CodeIgniter\Database\BaseConnection->initialize()
#2 C:\xampp\htdocs\gis\system\Database\BaseBuilder.php(1845): CodeIgniter\Database\BaseConnection->query('SELECT *\nFROM `...', Array, false)
#3 C:\xampp\htdocs\gis\system\Model.php(445): CodeIgniter\Database\BaseBuilder->get()
#4 C:\xampp\htdocs\gis\app\Controllers\TableController.php(11): CodeIgniter\Model->findAll()
#5 C:\xampp\htdocs\gis\system\CodeIgniter.php(914): App\Controllers\TableController->airMolek()
#6 C:\xampp\htdocs\gis\system\CodeIgniter.php(400): CodeIgniter\CodeIgniter->runController(Object(App\Controllers\TableController))
#7 C:\xampp\htdocs\gis\system\CodeIgniter.php(308): CodeIgniter\CodeIgniter->handleRequest(NULL, Object(Config\Cache), false)
#8 C:\xampp\htdocs\gis\index.php(45): CodeIgniter\CodeIgniter->run()
#9 {main}
CRITICAL - 2020-05-27 07:56:10 --> Access denied for user ''@'localhost' (using password: NO)
#0 C:\xampp\htdocs\gis\system\Database\BaseConnection.php(377): CodeIgniter\Database\MySQLi\Connection->connect(false)
#1 C:\xampp\htdocs\gis\system\Database\BaseConnection.php(643): CodeIgniter\Database\BaseConnection->initialize()
#2 C:\xampp\htdocs\gis\system\Database\BaseBuilder.php(1845): CodeIgniter\Database\BaseConnection->query('SELECT *\nFROM `...', Array, false)
#3 C:\xampp\htdocs\gis\system\Model.php(445): CodeIgniter\Database\BaseBuilder->get()
#4 C:\xampp\htdocs\gis\app\Controllers\TableController.php(11): CodeIgniter\Model->findAll()
#5 C:\xampp\htdocs\gis\system\CodeIgniter.php(914): App\Controllers\TableController->airMolek()
#6 C:\xampp\htdocs\gis\system\CodeIgniter.php(400): CodeIgniter\CodeIgniter->runController(Object(App\Controllers\TableController))
#7 C:\xampp\htdocs\gis\system\CodeIgniter.php(308): CodeIgniter\CodeIgniter->handleRequest(NULL, Object(Config\Cache), false)
#8 C:\xampp\htdocs\gis\index.php(45): CodeIgniter\CodeIgniter->run()
#9 {main}
CRITICAL - 2020-05-27 07:56:10 --> Access denied for user ''@'localhost' (using password: NO)
#0 C:\xampp\htdocs\gis\system\Database\BaseConnection.php(377): CodeIgniter\Database\MySQLi\Connection->connect(false)
#1 C:\xampp\htdocs\gis\system\Database\BaseConnection.php(643): CodeIgniter\Database\BaseConnection->initialize()
#2 C:\xampp\htdocs\gis\system\Database\BaseBuilder.php(1845): CodeIgniter\Database\BaseConnection->query('SELECT *\nFROM `...', Array, false)
#3 C:\xampp\htdocs\gis\system\Model.php(445): CodeIgniter\Database\BaseBuilder->get()
#4 C:\xampp\htdocs\gis\app\Controllers\TableController.php(11): CodeIgniter\Model->findAll()
#5 C:\xampp\htdocs\gis\system\CodeIgniter.php(914): App\Controllers\TableController->airMolek()
#6 C:\xampp\htdocs\gis\system\CodeIgniter.php(400): CodeIgniter\CodeIgniter->runController(Object(App\Controllers\TableController))
#7 C:\xampp\htdocs\gis\system\CodeIgniter.php(308): CodeIgniter\CodeIgniter->handleRequest(NULL, Object(Config\Cache), false)
#8 C:\xampp\htdocs\gis\index.php(45): CodeIgniter\CodeIgniter->run()
#9 {main}
CRITICAL - 2020-05-27 07:56:10 --> Access denied for user ''@'localhost' (using password: NO)
#0 C:\xampp\htdocs\gis\system\Database\BaseConnection.php(377): CodeIgniter\Database\MySQLi\Connection->connect(false)
#1 C:\xampp\htdocs\gis\system\Database\BaseConnection.php(643): CodeIgniter\Database\BaseConnection->initialize()
#2 C:\xampp\htdocs\gis\system\Database\BaseBuilder.php(1845): CodeIgniter\Database\BaseConnection->query('SELECT *\nFROM `...', Array, false)
#3 C:\xampp\htdocs\gis\system\Model.php(445): CodeIgniter\Database\BaseBuilder->get()
#4 C:\xampp\htdocs\gis\app\Controllers\TableController.php(11): CodeIgniter\Model->findAll()
#5 C:\xampp\htdocs\gis\system\CodeIgniter.php(914): App\Controllers\TableController->airMolek()
#6 C:\xampp\htdocs\gis\system\CodeIgniter.php(400): CodeIgniter\CodeIgniter->runController(Object(App\Controllers\TableController))
#7 C:\xampp\htdocs\gis\system\CodeIgniter.php(308): CodeIgniter\CodeIgniter->handleRequest(NULL, Object(Config\Cache), false)
#8 C:\xampp\htdocs\gis\index.php(45): CodeIgniter\CodeIgniter->run()
#9 {main}
CRITICAL - 2020-05-27 07:56:11 --> Access denied for user ''@'localhost' (using password: NO)
#0 C:\xampp\htdocs\gis\system\Database\BaseConnection.php(377): CodeIgniter\Database\MySQLi\Connection->connect(false)
#1 C:\xampp\htdocs\gis\system\Database\BaseConnection.php(643): CodeIgniter\Database\BaseConnection->initialize()
#2 C:\xampp\htdocs\gis\system\Database\BaseBuilder.php(1845): CodeIgniter\Database\BaseConnection->query('SELECT *\nFROM `...', Array, false)
#3 C:\xampp\htdocs\gis\system\Model.php(445): CodeIgniter\Database\BaseBuilder->get()
#4 C:\xampp\htdocs\gis\app\Controllers\TableController.php(11): CodeIgniter\Model->findAll()
#5 C:\xampp\htdocs\gis\system\CodeIgniter.php(914): App\Controllers\TableController->airMolek()
#6 C:\xampp\htdocs\gis\system\CodeIgniter.php(400): CodeIgniter\CodeIgniter->runController(Object(App\Controllers\TableController))
#7 C:\xampp\htdocs\gis\system\CodeIgniter.php(308): CodeIgniter\CodeIgniter->handleRequest(NULL, Object(Config\Cache), false)
#8 C:\xampp\htdocs\gis\index.php(45): CodeIgniter\CodeIgniter->run()
#9 {main}
CRITICAL - 2020-05-27 08:01:46 --> Argument 1 passed to CodeIgniter\Database\BaseResult::getResult() must be of the type string, null given, called in C:\xampp\htdocs\gis\system\Model.php on line 447
#0 C:\xampp\htdocs\gis\system\Model.php(447): CodeIgniter\Database\BaseResult->getResult(NULL)
#1 C:\xampp\htdocs\gis\app\Controllers\TableController.php(11): CodeIgniter\Model->findAll()
#2 C:\xampp\htdocs\gis\system\CodeIgniter.php(914): App\Controllers\TableController->airMolek()
#3 C:\xampp\htdocs\gis\system\CodeIgniter.php(400): CodeIgniter\CodeIgniter->runController(Object(App\Controllers\TableController))
#4 C:\xampp\htdocs\gis\system\CodeIgniter.php(308): CodeIgniter\CodeIgniter->handleRequest(NULL, Object(Config\Cache), false)
#5 C:\xampp\htdocs\gis\index.php(45): CodeIgniter\CodeIgniter->run()
#6 {main}
CRITICAL - 2020-05-27 08:01:47 --> Argument 1 passed to CodeIgniter\Database\BaseResult::getResult() must be of the type string, null given, called in C:\xampp\htdocs\gis\system\Model.php on line 447
#0 C:\xampp\htdocs\gis\system\Model.php(447): CodeIgniter\Database\BaseResult->getResult(NULL)
#1 C:\xampp\htdocs\gis\app\Controllers\TableController.php(11): CodeIgniter\Model->findAll()
#2 C:\xampp\htdocs\gis\system\CodeIgniter.php(914): App\Controllers\TableController->airMolek()
#3 C:\xampp\htdocs\gis\system\CodeIgniter.php(400): CodeIgniter\CodeIgniter->runController(Object(App\Controllers\TableController))
#4 C:\xampp\htdocs\gis\system\CodeIgniter.php(308): CodeIgniter\CodeIgniter->handleRequest(NULL, Object(Config\Cache), false)
#5 C:\xampp\htdocs\gis\index.php(45): CodeIgniter\CodeIgniter->run()
#6 {main}
CRITICAL - 2020-05-27 08:01:47 --> Argument 1 passed to CodeIgniter\Database\BaseResult::getResult() must be of the type string, null given, called in C:\xampp\htdocs\gis\system\Model.php on line 447
#0 C:\xampp\htdocs\gis\system\Model.php(447): CodeIgniter\Database\BaseResult->getResult(NULL)
#1 C:\xampp\htdocs\gis\app\Controllers\TableController.php(11): CodeIgniter\Model->findAll()
#2 C:\xampp\htdocs\gis\system\CodeIgniter.php(914): App\Controllers\TableController->airMolek()
#3 C:\xampp\htdocs\gis\system\CodeIgniter.php(400): CodeIgniter\CodeIgniter->runController(Object(App\Controllers\TableController))
#4 C:\xampp\htdocs\gis\system\CodeIgniter.php(308): CodeIgniter\CodeIgniter->handleRequest(NULL, Object(Config\Cache), false)
#5 C:\xampp\htdocs\gis\index.php(45): CodeIgniter\CodeIgniter->run()
#6 {main}
CRITICAL - 2020-05-27 08:01:48 --> Argument 1 passed to CodeIgniter\Database\BaseResult::getResult() must be of the type string, null given, called in C:\xampp\htdocs\gis\system\Model.php on line 447
#0 C:\xampp\htdocs\gis\system\Model.php(447): CodeIgniter\Database\BaseResult->getResult(NULL)
#1 C:\xampp\htdocs\gis\app\Controllers\TableController.php(11): CodeIgniter\Model->findAll()
#2 C:\xampp\htdocs\gis\system\CodeIgniter.php(914): App\Controllers\TableController->airMolek()
#3 C:\xampp\htdocs\gis\system\CodeIgniter.php(400): CodeIgniter\CodeIgniter->runController(Object(App\Controllers\TableController))
#4 C:\xampp\htdocs\gis\system\CodeIgniter.php(308): CodeIgniter\CodeIgniter->handleRequest(NULL, Object(Config\Cache), false)
#5 C:\xampp\htdocs\gis\index.php(45): CodeIgniter\CodeIgniter->run()
#6 {main}
CRITICAL - 2020-05-27 08:02:08 --> Argument 1 passed to CodeIgniter\Database\BaseResult::getResult() must be of the type string, null given, called in C:\xampp\htdocs\gis\system\Model.php on line 447
#0 C:\xampp\htdocs\gis\system\Model.php(447): CodeIgniter\Database\BaseResult->getResult(NULL)
#1 C:\xampp\htdocs\gis\app\Controllers\TableController.php(11): CodeIgniter\Model->findAll()
#2 C:\xampp\htdocs\gis\system\CodeIgniter.php(914): App\Controllers\TableController->airMolek()
#3 C:\xampp\htdocs\gis\system\CodeIgniter.php(400): CodeIgniter\CodeIgniter->runController(Object(App\Controllers\TableController))
#4 C:\xampp\htdocs\gis\system\CodeIgniter.php(308): CodeIgniter\CodeIgniter->handleRequest(NULL, Object(Config\Cache), false)
#5 C:\xampp\htdocs\gis\index.php(45): CodeIgniter\CodeIgniter->run()
#6 {main}
CRITICAL - 2020-05-27 08:02:08 --> Argument 1 passed to CodeIgniter\Database\BaseResult::getResult() must be of the type string, null given, called in C:\xampp\htdocs\gis\system\Model.php on line 447
#0 C:\xampp\htdocs\gis\system\Model.php(447): CodeIgniter\Database\BaseResult->getResult(NULL)
#1 C:\xampp\htdocs\gis\app\Controllers\TableController.php(11): CodeIgniter\Model->findAll()
#2 C:\xampp\htdocs\gis\system\CodeIgniter.php(914): App\Controllers\TableController->airMolek()
#3 C:\xampp\htdocs\gis\system\CodeIgniter.php(400): CodeIgniter\CodeIgniter->runController(Object(App\Controllers\TableController))
#4 C:\xampp\htdocs\gis\system\CodeIgniter.php(308): CodeIgniter\CodeIgniter->handleRequest(NULL, Object(Config\Cache), false)
#5 C:\xampp\htdocs\gis\index.php(45): CodeIgniter\CodeIgniter->run()
#6 {main}
CRITICAL - 2020-05-27 08:02:09 --> Argument 1 passed to CodeIgniter\Database\BaseResult::getResult() must be of the type string, null given, called in C:\xampp\htdocs\gis\system\Model.php on line 447
#0 C:\xampp\htdocs\gis\system\Model.php(447): CodeIgniter\Database\BaseResult->getResult(NULL)
#1 C:\xampp\htdocs\gis\app\Controllers\TableController.php(11): CodeIgniter\Model->findAll()
#2 C:\xampp\htdocs\gis\system\CodeIgniter.php(914): App\Controllers\TableController->airMolek()
#3 C:\xampp\htdocs\gis\system\CodeIgniter.php(400): CodeIgniter\CodeIgniter->runController(Object(App\Controllers\TableController))
#4 C:\xampp\htdocs\gis\system\CodeIgniter.php(308): CodeIgniter\CodeIgniter->handleRequest(NULL, Object(Config\Cache), false)
#5 C:\xampp\htdocs\gis\index.php(45): CodeIgniter\CodeIgniter->run()
#6 {main}
CRITICAL - 2020-05-27 08:02:55 --> Argument 1 passed to CodeIgniter\Database\BaseResult::getResult() must be of the type string, null given, called in C:\xampp\htdocs\gis\system\Model.php on line 447
#0 C:\xampp\htdocs\gis\system\Model.php(447): CodeIgniter\Database\BaseResult->getResult(NULL)
#1 C:\xampp\htdocs\gis\app\Controllers\TableController.php(11): CodeIgniter\Model->findAll()
#2 C:\xampp\htdocs\gis\system\CodeIgniter.php(914): App\Controllers\TableController->airMolek()
#3 C:\xampp\htdocs\gis\system\CodeIgniter.php(400): CodeIgniter\CodeIgniter->runController(Object(App\Controllers\TableController))
#4 C:\xampp\htdocs\gis\system\CodeIgniter.php(308): CodeIgniter\CodeIgniter->handleRequest(NULL, Object(Config\Cache), false)
#5 C:\xampp\htdocs\gis\index.php(45): CodeIgniter\CodeIgniter->run()
#6 {main}
CRITICAL - 2020-05-27 08:03:16 --> Argument 1 passed to CodeIgniter\Database\BaseResult::getResult() must be of the type string, null given, called in C:\xampp\htdocs\gis\system\Model.php on line 447
#0 C:\xampp\htdocs\gis\system\Model.php(447): CodeIgniter\Database\BaseResult->getResult(NULL)
#1 C:\xampp\htdocs\gis\app\Controllers\TableController.php(11): CodeIgniter\Model->findAll()
#2 C:\xampp\htdocs\gis\system\CodeIgniter.php(914): App\Controllers\TableController->airMolek()
#3 C:\xampp\htdocs\gis\system\CodeIgniter.php(400): CodeIgniter\CodeIgniter->runController(Object(App\Controllers\TableController))
#4 C:\xampp\htdocs\gis\system\CodeIgniter.php(308): CodeIgniter\CodeIgniter->handleRequest(NULL, Object(Config\Cache), false)
#5 C:\xampp\htdocs\gis\index.php(45): CodeIgniter\CodeIgniter->run()
#6 {main}
CRITICAL - 2020-05-27 08:09:34 --> Call to a member function paginate() on array
#0 C:\xampp\htdocs\gis\system\CodeIgniter.php(914): App\Controllers\TableController->airMolek()
#1 C:\xampp\htdocs\gis\system\CodeIgniter.php(400): CodeIgniter\CodeIgniter->runController(Object(App\Controllers\TableController))
#2 C:\xampp\htdocs\gis\system\CodeIgniter.php(308): CodeIgniter\CodeIgniter->handleRequest(NULL, Object(Config\Cache), false)
#3 C:\xampp\htdocs\gis\index.php(45): CodeIgniter\CodeIgniter->run()
#4 {main}
CRITICAL - 2020-05-27 08:09:41 --> Call to a member function findAll() on array
#0 C:\xampp\htdocs\gis\system\CodeIgniter.php(914): App\Controllers\TableController->airMolek()
#1 C:\xampp\htdocs\gis\system\CodeIgniter.php(400): CodeIgniter\CodeIgniter->runController(Object(App\Controllers\TableController))
#2 C:\xampp\htdocs\gis\system\CodeIgniter.php(308): CodeIgniter\CodeIgniter->handleRequest(NULL, Object(Config\Cache), false)
#3 C:\xampp\htdocs\gis\index.php(45): CodeIgniter\CodeIgniter->run()
#4 {main}
CRITICAL - 2020-05-27 08:09:57 --> Call to a member function findAll() on array
#0 C:\xampp\htdocs\gis\system\CodeIgniter.php(914): App\Controllers\TableController->airMolek()
#1 C:\xampp\htdocs\gis\system\CodeIgniter.php(400): CodeIgniter\CodeIgniter->runController(Object(App\Controllers\TableController))
#2 C:\xampp\htdocs\gis\system\CodeIgniter.php(308): CodeIgniter\CodeIgniter->handleRequest(NULL, Object(Config\Cache), false)
#3 C:\xampp\htdocs\gis\index.php(45): CodeIgniter\CodeIgniter->run()
#4 {main}
CRITICAL - 2020-05-27 08:09:58 --> Call to a member function findAll() on array
#0 C:\xampp\htdocs\gis\system\CodeIgniter.php(914): App\Controllers\TableController->airMolek()
#1 C:\xampp\htdocs\gis\system\CodeIgniter.php(400): CodeIgniter\CodeIgniter->runController(Object(App\Controllers\TableController))
#2 C:\xampp\htdocs\gis\system\CodeIgniter.php(308): CodeIgniter\CodeIgniter->handleRequest(NULL, Object(Config\Cache), false)
#3 C:\xampp\htdocs\gis\index.php(45): CodeIgniter\CodeIgniter->run()
#4 {main}
CRITICAL - 2020-05-27 08:09:58 --> Call to a member function findAll() on array
#0 C:\xampp\htdocs\gis\system\CodeIgniter.php(914): App\Controllers\TableController->airMolek()
#1 C:\xampp\htdocs\gis\system\CodeIgniter.php(400): CodeIgniter\CodeIgniter->runController(Object(App\Controllers\TableController))
#2 C:\xampp\htdocs\gis\system\CodeIgniter.php(308): CodeIgniter\CodeIgniter->handleRequest(NULL, Object(Config\Cache), false)
#3 C:\xampp\htdocs\gis\index.php(45): CodeIgniter\CodeIgniter->run()
#4 {main}
CRITICAL - 2020-05-27 08:09:58 --> Call to a member function findAll() on array
#0 C:\xampp\htdocs\gis\system\CodeIgniter.php(914): App\Controllers\TableController->airMolek()
#1 C:\xampp\htdocs\gis\system\CodeIgniter.php(400): CodeIgniter\CodeIgniter->runController(Object(App\Controllers\TableController))
#2 C:\xampp\htdocs\gis\system\CodeIgniter.php(308): CodeIgniter\CodeIgniter->handleRequest(NULL, Object(Config\Cache), false)
#3 C:\xampp\htdocs\gis\index.php(45): CodeIgniter\CodeIgniter->run()
#4 {main}
CRITICAL - 2020-05-27 08:13:19 --> Call to a member function paginate() on array
#0 C:\xampp\htdocs\gis\system\CodeIgniter.php(914): App\Controllers\TableController->airMolek()
#1 C:\xampp\htdocs\gis\system\CodeIgniter.php(400): CodeIgniter\CodeIgniter->runController(Object(App\Controllers\TableController))
#2 C:\xampp\htdocs\gis\system\CodeIgniter.php(308): CodeIgniter\CodeIgniter->handleRequest(NULL, Object(Config\Cache), false)
#3 C:\xampp\htdocs\gis\index.php(45): CodeIgniter\CodeIgniter->run()
#4 {main}
CRITICAL - 2020-05-27 08:13:20 --> Call to a member function paginate() on array
#0 C:\xampp\htdocs\gis\system\CodeIgniter.php(914): App\Controllers\TableController->airMolek()
#1 C:\xampp\htdocs\gis\system\CodeIgniter.php(400): CodeIgniter\CodeIgniter->runController(Object(App\Controllers\TableController))
#2 C:\xampp\htdocs\gis\system\CodeIgniter.php(308): CodeIgniter\CodeIgniter->handleRequest(NULL, Object(Config\Cache), false)
#3 C:\xampp\htdocs\gis\index.php(45): CodeIgniter\CodeIgniter->run()
#4 {main}
CRITICAL - 2020-05-27 08:13:20 --> Call to a member function paginate() on array
#0 C:\xampp\htdocs\gis\system\CodeIgniter.php(914): App\Controllers\TableController->airMolek()
#1 C:\xampp\htdocs\gis\system\CodeIgniter.php(400): CodeIgniter\CodeIgniter->runController(Object(App\Controllers\TableController))
#2 C:\xampp\htdocs\gis\system\CodeIgniter.php(308): CodeIgniter\CodeIgniter->handleRequest(NULL, Object(Config\Cache), false)
#3 C:\xampp\htdocs\gis\index.php(45): CodeIgniter\CodeIgniter->run()
#4 {main}
CRITICAL - 2020-05-27 08:13:20 --> Call to a member function paginate() on array
#0 C:\xampp\htdocs\gis\system\CodeIgniter.php(914): App\Controllers\TableController->airMolek()
#1 C:\xampp\htdocs\gis\system\CodeIgniter.php(400): CodeIgniter\CodeIgniter->runController(Object(App\Controllers\TableController))
#2 C:\xampp\htdocs\gis\system\CodeIgniter.php(308): CodeIgniter\CodeIgniter->handleRequest(NULL, Object(Config\Cache), false)
#3 C:\xampp\htdocs\gis\index.php(45): CodeIgniter\CodeIgniter->run()
#4 {main}
CRITICAL - 2020-05-27 08:13:38 --> Call to a member function paginate() on array
#0 C:\xampp\htdocs\gis\system\CodeIgniter.php(914): App\Controllers\TableController->airMolek()
#1 C:\xampp\htdocs\gis\system\CodeIgniter.php(400): CodeIgniter\CodeIgniter->runController(Object(App\Controllers\TableController))
#2 C:\xampp\htdocs\gis\system\CodeIgniter.php(308): CodeIgniter\CodeIgniter->handleRequest(NULL, Object(Config\Cache), false)
#3 C:\xampp\htdocs\gis\index.php(45): CodeIgniter\CodeIgniter->run()
#4 {main}
CRITICAL - 2020-05-27 08:14:39 --> Call to a member function links() on null
#0 C:\xampp\htdocs\gis\system\View\View.php(246): include()
#1 C:\xampp\htdocs\gis\system\Common.php(1087): CodeIgniter\View\View->render('segmen-jalan/ai...', Array, true)
#2 C:\xampp\htdocs\gis\app\Controllers\BaseController.php(138): view('segmen-jalan/ai...', Array)
#3 C:\xampp\htdocs\gis\app\Controllers\TableController.php(15): App\Controllers\BaseController->renderView('segmen-jalan/ai...', Array)
#4 C:\xampp\htdocs\gis\system\CodeIgniter.php(914): App\Controllers\TableController->airMolek()
#5 C:\xampp\htdocs\gis\system\CodeIgniter.php(400): CodeIgniter\CodeIgniter->runController(Object(App\Controllers\TableController))
#6 C:\xampp\htdocs\gis\system\CodeIgniter.php(308): CodeIgniter\CodeIgniter->handleRequest(NULL, Object(Config\Cache), false)
#7 C:\xampp\htdocs\gis\index.php(45): CodeIgniter\CodeIgniter->run()
#8 {main}
CRITICAL - 2020-05-27 08:14:44 --> Call to a member function links() on null
#0 C:\xampp\htdocs\gis\system\View\View.php(246): include()
#1 C:\xampp\htdocs\gis\system\Common.php(1087): CodeIgniter\View\View->render('segmen-jalan/ai...', Array, true)
#2 C:\xampp\htdocs\gis\app\Controllers\BaseController.php(138): view('segmen-jalan/ai...', Array)
#3 C:\xampp\htdocs\gis\app\Controllers\TableController.php(15): App\Controllers\BaseController->renderView('segmen-jalan/ai...', Array)
#4 C:\xampp\htdocs\gis\system\CodeIgniter.php(914): App\Controllers\TableController->airMolek()
#5 C:\xampp\htdocs\gis\system\CodeIgniter.php(400): CodeIgniter\CodeIgniter->runController(Object(App\Controllers\TableController))
#6 C:\xampp\htdocs\gis\system\CodeIgniter.php(308): CodeIgniter\CodeIgniter->handleRequest(NULL, Object(Config\Cache), false)
#7 C:\xampp\htdocs\gis\index.php(45): CodeIgniter\CodeIgniter->run()
#8 {main}
CRITICAL - 2020-05-27 08:14:48 --> Call to a member function links() on null
#0 C:\xampp\htdocs\gis\system\View\View.php(246): include()
#1 C:\xampp\htdocs\gis\system\Common.php(1087): CodeIgniter\View\View->render('segmen-jalan/ai...', Array, true)
#2 C:\xampp\htdocs\gis\app\Controllers\BaseController.php(138): view('segmen-jalan/ai...', Array)
#3 C:\xampp\htdocs\gis\app\Controllers\TableController.php(15): App\Controllers\BaseController->renderView('segmen-jalan/ai...', Array)
#4 C:\xampp\htdocs\gis\system\CodeIgniter.php(914): App\Controllers\TableController->airMolek()
#5 C:\xampp\htdocs\gis\system\CodeIgniter.php(400): CodeIgniter\CodeIgniter->runController(Object(App\Controllers\TableController))
#6 C:\xampp\htdocs\gis\system\CodeIgniter.php(308): CodeIgniter\CodeIgniter->handleRequest(NULL, Object(Config\Cache), false)
#7 C:\xampp\htdocs\gis\index.php(45): CodeIgniter\CodeIgniter->run()
#8 {main}
CRITICAL - 2020-05-27 08:14:50 --> Call to a member function links() on null
#0 C:\xampp\htdocs\gis\system\View\View.php(246): include()
#1 C:\xampp\htdocs\gis\system\Common.php(1087): CodeIgniter\View\View->render('segmen-jalan/ai...', Array, true)
#2 C:\xampp\htdocs\gis\app\Controllers\BaseController.php(138): view('segmen-jalan/ai...', Array)
#3 C:\xampp\htdocs\gis\app\Controllers\TableController.php(15): App\Controllers\BaseController->renderView('segmen-jalan/ai...', Array)
#4 C:\xampp\htdocs\gis\system\CodeIgniter.php(914): App\Controllers\TableController->airMolek()
#5 C:\xampp\htdocs\gis\system\CodeIgniter.php(400): CodeIgniter\CodeIgniter->runController(Object(App\Controllers\TableController))
#6 C:\xampp\htdocs\gis\system\CodeIgniter.php(308): CodeIgniter\CodeIgniter->handleRequest(NULL, Object(Config\Cache), false)
#7 C:\xampp\htdocs\gis\index.php(45): CodeIgniter\CodeIgniter->run()
#8 {main}
CRITICAL - 2020-05-27 08:14:54 --> Call to a member function links() on null
#0 C:\xampp\htdocs\gis\system\View\View.php(246): include()
#1 C:\xampp\htdocs\gis\system\Common.php(1087): CodeIgniter\View\View->render('segmen-jalan/ai...', Array, true)
#2 C:\xampp\htdocs\gis\app\Controllers\BaseController.php(138): view('segmen-jalan/ai...', Array)
#3 C:\xampp\htdocs\gis\app\Controllers\TableController.php(15): App\Controllers\BaseController->renderView('segmen-jalan/ai...', Array)
#4 C:\xampp\htdocs\gis\system\CodeIgniter.php(914): App\Controllers\TableController->airMolek()
#5 C:\xampp\htdocs\gis\system\CodeIgniter.php(400): CodeIgniter\CodeIgniter->runController(Object(App\Controllers\TableController))
#6 C:\xampp\htdocs\gis\system\CodeIgniter.php(308): CodeIgniter\CodeIgniter->handleRequest(NULL, Object(Config\Cache), false)
#7 C:\xampp\htdocs\gis\index.php(45): CodeIgniter\CodeIgniter->run()
#8 {main}
CRITICAL - 2020-05-27 08:16:33 --> Call to a member function paginate() on array
#0 C:\xampp\htdocs\gis\system\CodeIgniter.php(914): App\Controllers\TableController->airMolek()
#1 C:\xampp\htdocs\gis\system\CodeIgniter.php(400): CodeIgniter\CodeIgniter->runController(Object(App\Controllers\TableController))
#2 C:\xampp\htdocs\gis\system\CodeIgniter.php(308): CodeIgniter\CodeIgniter->handleRequest(NULL, Object(Config\Cache), false)
#3 C:\xampp\htdocs\gis\index.php(45): CodeIgniter\CodeIgniter->run()
#4 {main}
CRITICAL - 2020-05-27 08:16:33 --> Call to a member function paginate() on array
#0 C:\xampp\htdocs\gis\system\CodeIgniter.php(914): App\Controllers\TableController->airMolek()
#1 C:\xampp\htdocs\gis\system\CodeIgniter.php(400): CodeIgniter\CodeIgniter->runController(Object(App\Controllers\TableController))
#2 C:\xampp\htdocs\gis\system\CodeIgniter.php(308): CodeIgniter\CodeIgniter->handleRequest(NULL, Object(Config\Cache), false)
#3 C:\xampp\htdocs\gis\index.php(45): CodeIgniter\CodeIgniter->run()
#4 {main}
CRITICAL - 2020-05-27 08:16:34 --> Call to a member function paginate() on array
#0 C:\xampp\htdocs\gis\system\CodeIgniter.php(914): App\Controllers\TableController->airMolek()
#1 C:\xampp\htdocs\gis\system\CodeIgniter.php(400): CodeIgniter\CodeIgniter->runController(Object(App\Controllers\TableController))
#2 C:\xampp\htdocs\gis\system\CodeIgniter.php(308): CodeIgniter\CodeIgniter->handleRequest(NULL, Object(Config\Cache), false)
#3 C:\xampp\htdocs\gis\index.php(45): CodeIgniter\CodeIgniter->run()
#4 {main}
CRITICAL - 2020-05-27 08:16:34 --> Call to a member function paginate() on array
#0 C:\xampp\htdocs\gis\system\CodeIgniter.php(914): App\Controllers\TableController->airMolek()
#1 C:\xampp\htdocs\gis\system\CodeIgniter.php(400): CodeIgniter\CodeIgniter->runController(Object(App\Controllers\TableController))
#2 C:\xampp\htdocs\gis\system\CodeIgniter.php(308): CodeIgniter\CodeIgniter->handleRequest(NULL, Object(Config\Cache), false)
#3 C:\xampp\htdocs\gis\index.php(45): CodeIgniter\CodeIgniter->run()
#4 {main}
CRITICAL - 2020-05-27 08:21:46 --> Invalid file: {0}
#0 C:\xampp\htdocs\gis\system\View\View.php(228): CodeIgniter\Exceptions\FrameworkException::forInvalidFile('layout/pager.ph...')
#1 C:\xampp\htdocs\gis\system\Pager\Pager.php(186): CodeIgniter\View\View->render('layout/pager')
#2 C:\xampp\htdocs\gis\system\Pager\Pager.php(121): CodeIgniter\Pager\Pager->displayLinks('default', 'default_full')
#3 C:\xampp\htdocs\gis\app\Views\segmen-jalan\airMolek.php(23): CodeIgniter\Pager\Pager->links()
#4 C:\xampp\htdocs\gis\system\View\View.php(246): include('C:\\xampp\\htdocs...')
#5 C:\xampp\htdocs\gis\system\Common.php(1087): CodeIgniter\View\View->render('segmen-jalan/ai...', Array, true)
#6 C:\xampp\htdocs\gis\app\Controllers\BaseController.php(138): view('segmen-jalan/ai...', Array)
#7 C:\xampp\htdocs\gis\app\Controllers\TableController.php(15): App\Controllers\BaseController->renderView('segmen-jalan/ai...', Array)
#8 C:\xampp\htdocs\gis\system\CodeIgniter.php(914): App\Controllers\TableController->airMolek()
#9 C:\xampp\htdocs\gis\system\CodeIgniter.php(400): CodeIgniter\CodeIgniter->runController(Object(App\Controllers\TableController))
#10 C:\xampp\htdocs\gis\system\CodeIgniter.php(308): CodeIgniter\CodeIgniter->handleRequest(NULL, Object(Config\Cache), false)
#11 C:\xampp\htdocs\gis\index.php(45): CodeIgniter\CodeIgniter->run()
#12 {main}
CRITICAL - 2020-05-27 08:30:00 --> Argument 1 passed to CodeIgniter\Model::__construct() must be an instance of CodeIgniter\Database\ConnectionInterface or null, string given, called in C:\xampp\htdocs\gis\app\Controllers\TableController.php on line 20
#0 C:\xampp\htdocs\gis\app\Controllers\TableController.php(20): CodeIgniter\Model->__construct('2')
#1 C:\xampp\htdocs\gis\system\CodeIgniter.php(914): App\Controllers\TableController->detailAirMolek('2')
#2 C:\xampp\htdocs\gis\system\CodeIgniter.php(400): CodeIgniter\CodeIgniter->runController(Object(App\Controllers\TableController))
#3 C:\xampp\htdocs\gis\system\CodeIgniter.php(308): CodeIgniter\CodeIgniter->handleRequest(NULL, Object(Config\Cache), false)
#4 C:\xampp\htdocs\gis\index.php(45): CodeIgniter\CodeIgniter->run()
#5 {main}
CRITICAL - 2020-05-27 10:39:47 --> Invalid file: {0}
#0 C:\xampp\htdocs\gis\system\View\View.php(228): CodeIgniter\Exceptions\FrameworkException::forInvalidFile('home/810.php')
#1 C:\xampp\htdocs\gis\system\Common.php(1087): CodeIgniter\View\View->render('home/810', Array, true)
#2 C:\xampp\htdocs\gis\app\Controllers\BaseController.php(138): view('home/810', Array)
#3 C:\xampp\htdocs\gis\app\Controllers\Home.php(33): App\Controllers\BaseController->renderView('home/810', Array)
#4 C:\xampp\htdocs\gis\system\CodeIgniter.php(914): App\Controllers\Home->airMolek()
#5 C:\xampp\htdocs\gis\system\CodeIgniter.php(400): CodeIgniter\CodeIgniter->runController(Object(App\Controllers\Home))
#6 C:\xampp\htdocs\gis\system\CodeIgniter.php(308): CodeIgniter\CodeIgniter->handleRequest(NULL, Object(Config\Cache), false)
#7 C:\xampp\htdocs\gis\index.php(45): CodeIgniter\CodeIgniter->run()
#8 {main}
CRITICAL - 2020-05-27 10:39:53 --> Invalid file: {0}
#0 C:\xampp\htdocs\gis\system\View\View.php(228): CodeIgniter\Exceptions\FrameworkException::forInvalidFile('home/810.php')
#1 C:\xampp\htdocs\gis\system\Common.php(1087): CodeIgniter\View\View->render('home/810', Array, true)
#2 C:\xampp\htdocs\gis\app\Controllers\BaseController.php(138): view('home/810', Array)
#3 C:\xampp\htdocs\gis\app\Controllers\Home.php(33): App\Controllers\BaseController->renderView('home/810', Array)
#4 C:\xampp\htdocs\gis\system\CodeIgniter.php(914): App\Controllers\Home->airMolek()
#5 C:\xampp\htdocs\gis\system\CodeIgniter.php(400): CodeIgniter\CodeIgniter->runController(Object(App\Controllers\Home))
#6 C:\xampp\htdocs\gis\system\CodeIgniter.php(308): CodeIgniter\CodeIgniter->handleRequest(NULL, Object(Config\Cache), false)
#7 C:\xampp\htdocs\gis\index.php(45): CodeIgniter\CodeIgniter->run()
#8 {main}
