CRITICAL - 2020-05-05 05:21:03 --> Too few arguments to function App\Controllers\BaseController::renderView(), 1 passed in C:\xampp\htdocs\gis\app\Controllers\Home.php on line 8 and exactly 2 expected
#0 C:\xampp\htdocs\gis\app\Controllers\Home.php(8): App\Controllers\BaseController->renderView('welcome_message')
#1 C:\xampp\htdocs\gis\system\CodeIgniter.php(914): App\Controllers\Home->index()
#2 C:\xampp\htdocs\gis\system\CodeIgniter.php(400): CodeIgniter\CodeIgniter->runController(Object(App\Controllers\Home))
#3 C:\xampp\htdocs\gis\system\CodeIgniter.php(308): CodeIgniter\CodeIgniter->handleRequest(NULL, Object(Config\Cache), false)
#4 C:\xampp\htdocs\gis\index.php(45): CodeIgniter\CodeIgniter->run()
#5 {main}
CRITICAL - 2020-05-05 05:21:15 --> Too few arguments to function App\Controllers\BaseController::renderView(), 1 passed in C:\xampp\htdocs\gis\app\Controllers\Home.php on line 8 and exactly 2 expected
#0 C:\xampp\htdocs\gis\app\Controllers\Home.php(8): App\Controllers\BaseController->renderView('welcome_message')
#1 C:\xampp\htdocs\gis\system\CodeIgniter.php(914): App\Controllers\Home->index()
#2 C:\xampp\htdocs\gis\system\CodeIgniter.php(400): CodeIgniter\CodeIgniter->runController(Object(App\Controllers\Home))
#3 C:\xampp\htdocs\gis\system\CodeIgniter.php(308): CodeIgniter\CodeIgniter->handleRequest(NULL, Object(Config\Cache), false)
#4 C:\xampp\htdocs\gis\index.php(45): CodeIgniter\CodeIgniter->run()
#5 {main}
CRITICAL - 2020-05-05 07:20:11 --> Invalid file: {0}
#0 C:\xampp\htdocs\gis\system\View\View.php(228): CodeIgniter\Exceptions\FrameworkException::forInvalidFile('layouts/.php')
#1 C:\xampp\htdocs\gis\system\Common.php(1087): CodeIgniter\View\View->render('layouts/', Array, true)
#2 C:\xampp\htdocs\gis\app\Controllers\BaseController.php(64): view('layouts/', Array)
#3 C:\xampp\htdocs\gis\app\Controllers\Home.php(9): App\Controllers\BaseController->renderView('home/index', Array)
#4 C:\xampp\htdocs\gis\system\CodeIgniter.php(914): App\Controllers\Home->index()
#5 C:\xampp\htdocs\gis\system\CodeIgniter.php(400): CodeIgniter\CodeIgniter->runController(Object(App\Controllers\Home))
#6 C:\xampp\htdocs\gis\system\CodeIgniter.php(308): CodeIgniter\CodeIgniter->handleRequest(NULL, Object(Config\Cache), false)
#7 C:\xampp\htdocs\gis\index.php(45): CodeIgniter\CodeIgniter->run()
#8 {main}
CRITICAL - 2020-05-05 07:20:12 --> Invalid file: {0}
#0 C:\xampp\htdocs\gis\system\View\View.php(228): CodeIgniter\Exceptions\FrameworkException::forInvalidFile('layouts/.php')
#1 C:\xampp\htdocs\gis\system\Common.php(1087): CodeIgniter\View\View->render('layouts/', Array, true)
#2 C:\xampp\htdocs\gis\app\Controllers\BaseController.php(64): view('layouts/', Array)
#3 C:\xampp\htdocs\gis\app\Controllers\Home.php(9): App\Controllers\BaseController->renderView('home/index', Array)
#4 C:\xampp\htdocs\gis\system\CodeIgniter.php(914): App\Controllers\Home->index()
#5 C:\xampp\htdocs\gis\system\CodeIgniter.php(400): CodeIgniter\CodeIgniter->runController(Object(App\Controllers\Home))
#6 C:\xampp\htdocs\gis\system\CodeIgniter.php(308): CodeIgniter\CodeIgniter->handleRequest(NULL, Object(Config\Cache), false)
#7 C:\xampp\htdocs\gis\index.php(45): CodeIgniter\CodeIgniter->run()
#8 {main}
