CRITICAL - 2020-05-22 19:41:43 --> Invalid argument supplied for foreach()
#0 C:\xampp\htdocs\gis\app\Views\layouts\header.php(108): CodeIgniter\Debug\Exceptions->errorHandler(2, 'Invalid argumen...', 'C:\\xampp\\htdocs...', 108, Array)
#1 C:\xampp\htdocs\gis\system\View\View.php(246): include('C:\\xampp\\htdocs...')
#2 C:\xampp\htdocs\gis\system\Common.php(1087): CodeIgniter\View\View->render('layouts/header', Array, true)
#3 C:\xampp\htdocs\gis\app\Controllers\BaseController.php(104): view('layouts/header', Array)
#4 C:\xampp\htdocs\gis\app\Controllers\Home.php(9): App\Controllers\BaseController->renderView('home/index', Array)
#5 C:\xampp\htdocs\gis\system\CodeIgniter.php(914): App\Controllers\Home->index()
#6 C:\xampp\htdocs\gis\system\CodeIgniter.php(400): CodeIgniter\CodeIgniter->runController(Object(App\Controllers\Home))
#7 C:\xampp\htdocs\gis\system\CodeIgniter.php(308): CodeIgniter\CodeIgniter->handleRequest(NULL, Object(Config\Cache), false)
#8 C:\xampp\htdocs\gis\index.php(45): CodeIgniter\CodeIgniter->run()
#9 {main}
CRITICAL - 2020-05-22 19:41:46 --> Invalid argument supplied for foreach()
#0 C:\xampp\htdocs\gis\app\Views\layouts\header.php(108): CodeIgniter\Debug\Exceptions->errorHandler(2, 'Invalid argumen...', 'C:\\xampp\\htdocs...', 108, Array)
#1 C:\xampp\htdocs\gis\system\View\View.php(246): include('C:\\xampp\\htdocs...')
#2 C:\xampp\htdocs\gis\system\Common.php(1087): CodeIgniter\View\View->render('layouts/header', Array, true)
#3 C:\xampp\htdocs\gis\app\Controllers\BaseController.php(104): view('layouts/header', Array)
#4 C:\xampp\htdocs\gis\app\Controllers\Home.php(9): App\Controllers\BaseController->renderView('home/index', Array)
#5 C:\xampp\htdocs\gis\system\CodeIgniter.php(914): App\Controllers\Home->index()
#6 C:\xampp\htdocs\gis\system\CodeIgniter.php(400): CodeIgniter\CodeIgniter->runController(Object(App\Controllers\Home))
#7 C:\xampp\htdocs\gis\system\CodeIgniter.php(308): CodeIgniter\CodeIgniter->handleRequest(NULL, Object(Config\Cache), false)
#8 C:\xampp\htdocs\gis\index.php(45): CodeIgniter\CodeIgniter->run()
#9 {main}
CRITICAL - 2020-05-22 20:01:19 --> Invalid argument supplied for foreach()
#0 C:\xampp\htdocs\gis\app\Views\layouts\header.php(108): CodeIgniter\Debug\Exceptions->errorHandler(2, 'Invalid argumen...', 'C:\\xampp\\htdocs...', 108, Array)
#1 C:\xampp\htdocs\gis\system\View\View.php(246): include('C:\\xampp\\htdocs...')
#2 C:\xampp\htdocs\gis\system\Common.php(1087): CodeIgniter\View\View->render('layouts/header', Array, true)
#3 C:\xampp\htdocs\gis\app\Controllers\BaseController.php(114): view('layouts/header', Array)
#4 C:\xampp\htdocs\gis\app\Controllers\Home.php(15): App\Controllers\BaseController->renderView('home/index', Array)
#5 C:\xampp\htdocs\gis\system\CodeIgniter.php(914): App\Controllers\Home->administrasi()
#6 C:\xampp\htdocs\gis\system\CodeIgniter.php(400): CodeIgniter\CodeIgniter->runController(Object(App\Controllers\Home))
#7 C:\xampp\htdocs\gis\system\CodeIgniter.php(308): CodeIgniter\CodeIgniter->handleRequest(NULL, Object(Config\Cache), false)
#8 C:\xampp\htdocs\gis\index.php(45): CodeIgniter\CodeIgniter->run()
#9 {main}
CRITICAL - 2020-05-22 20:01:21 --> Invalid argument supplied for foreach()
#0 C:\xampp\htdocs\gis\app\Views\layouts\header.php(108): CodeIgniter\Debug\Exceptions->errorHandler(2, 'Invalid argumen...', 'C:\\xampp\\htdocs...', 108, Array)
#1 C:\xampp\htdocs\gis\system\View\View.php(246): include('C:\\xampp\\htdocs...')
#2 C:\xampp\htdocs\gis\system\Common.php(1087): CodeIgniter\View\View->render('layouts/header', Array, true)
#3 C:\xampp\htdocs\gis\app\Controllers\BaseController.php(114): view('layouts/header', Array)
#4 C:\xampp\htdocs\gis\app\Controllers\Home.php(15): App\Controllers\BaseController->renderView('home/index', Array)
#5 C:\xampp\htdocs\gis\system\CodeIgniter.php(914): App\Controllers\Home->administrasi()
#6 C:\xampp\htdocs\gis\system\CodeIgniter.php(400): CodeIgniter\CodeIgniter->runController(Object(App\Controllers\Home))
#7 C:\xampp\htdocs\gis\system\CodeIgniter.php(308): CodeIgniter\CodeIgniter->handleRequest(NULL, Object(Config\Cache), false)
#8 C:\xampp\htdocs\gis\index.php(45): CodeIgniter\CodeIgniter->run()
#9 {main}
CRITICAL - 2020-05-22 20:01:36 --> Invalid argument supplied for foreach()
#0 C:\xampp\htdocs\gis\app\Views\layouts\header.php(108): CodeIgniter\Debug\Exceptions->errorHandler(2, 'Invalid argumen...', 'C:\\xampp\\htdocs...', 108, Array)
#1 C:\xampp\htdocs\gis\system\View\View.php(246): include('C:\\xampp\\htdocs...')
#2 C:\xampp\htdocs\gis\system\Common.php(1087): CodeIgniter\View\View->render('layouts/header', Array, true)
#3 C:\xampp\htdocs\gis\app\Controllers\BaseController.php(114): view('layouts/header', Array)
#4 C:\xampp\htdocs\gis\app\Controllers\Home.php(15): App\Controllers\BaseController->renderView('home/index', Array)
#5 C:\xampp\htdocs\gis\system\CodeIgniter.php(914): App\Controllers\Home->administrasi()
#6 C:\xampp\htdocs\gis\system\CodeIgniter.php(400): CodeIgniter\CodeIgniter->runController(Object(App\Controllers\Home))
#7 C:\xampp\htdocs\gis\system\CodeIgniter.php(308): CodeIgniter\CodeIgniter->handleRequest(NULL, Object(Config\Cache), false)
#8 C:\xampp\htdocs\gis\index.php(45): CodeIgniter\CodeIgniter->run()
#9 {main}
CRITICAL - 2020-05-22 20:01:36 --> Invalid argument supplied for foreach()
#0 C:\xampp\htdocs\gis\app\Views\layouts\header.php(108): CodeIgniter\Debug\Exceptions->errorHandler(2, 'Invalid argumen...', 'C:\\xampp\\htdocs...', 108, Array)
#1 C:\xampp\htdocs\gis\system\View\View.php(246): include('C:\\xampp\\htdocs...')
#2 C:\xampp\htdocs\gis\system\Common.php(1087): CodeIgniter\View\View->render('layouts/header', Array, true)
#3 C:\xampp\htdocs\gis\app\Controllers\BaseController.php(114): view('layouts/header', Array)
#4 C:\xampp\htdocs\gis\app\Controllers\Home.php(15): App\Controllers\BaseController->renderView('home/index', Array)
#5 C:\xampp\htdocs\gis\system\CodeIgniter.php(914): App\Controllers\Home->administrasi()
#6 C:\xampp\htdocs\gis\system\CodeIgniter.php(400): CodeIgniter\CodeIgniter->runController(Object(App\Controllers\Home))
#7 C:\xampp\htdocs\gis\system\CodeIgniter.php(308): CodeIgniter\CodeIgniter->handleRequest(NULL, Object(Config\Cache), false)
#8 C:\xampp\htdocs\gis\index.php(45): CodeIgniter\CodeIgniter->run()
#9 {main}
CRITICAL - 2020-05-22 20:01:59 --> Invalid argument supplied for foreach()
#0 C:\xampp\htdocs\gis\app\Views\layouts\header.php(108): CodeIgniter\Debug\Exceptions->errorHandler(2, 'Invalid argumen...', 'C:\\xampp\\htdocs...', 108, Array)
#1 C:\xampp\htdocs\gis\system\View\View.php(246): include('C:\\xampp\\htdocs...')
#2 C:\xampp\htdocs\gis\system\Common.php(1087): CodeIgniter\View\View->render('layouts/header', Array, true)
#3 C:\xampp\htdocs\gis\app\Controllers\BaseController.php(114): view('layouts/header', Array)
#4 C:\xampp\htdocs\gis\app\Controllers\Home.php(15): App\Controllers\BaseController->renderView('home/index', Array)
#5 C:\xampp\htdocs\gis\system\CodeIgniter.php(914): App\Controllers\Home->administrasi()
#6 C:\xampp\htdocs\gis\system\CodeIgniter.php(400): CodeIgniter\CodeIgniter->runController(Object(App\Controllers\Home))
#7 C:\xampp\htdocs\gis\system\CodeIgniter.php(308): CodeIgniter\CodeIgniter->handleRequest(NULL, Object(Config\Cache), false)
#8 C:\xampp\htdocs\gis\index.php(45): CodeIgniter\CodeIgniter->run()
#9 {main}
CRITICAL - 2020-05-22 20:02:00 --> Invalid argument supplied for foreach()
#0 C:\xampp\htdocs\gis\app\Views\layouts\header.php(108): CodeIgniter\Debug\Exceptions->errorHandler(2, 'Invalid argumen...', 'C:\\xampp\\htdocs...', 108, Array)
#1 C:\xampp\htdocs\gis\system\View\View.php(246): include('C:\\xampp\\htdocs...')
#2 C:\xampp\htdocs\gis\system\Common.php(1087): CodeIgniter\View\View->render('layouts/header', Array, true)
#3 C:\xampp\htdocs\gis\app\Controllers\BaseController.php(114): view('layouts/header', Array)
#4 C:\xampp\htdocs\gis\app\Controllers\Home.php(15): App\Controllers\BaseController->renderView('home/index', Array)
#5 C:\xampp\htdocs\gis\system\CodeIgniter.php(914): App\Controllers\Home->administrasi()
#6 C:\xampp\htdocs\gis\system\CodeIgniter.php(400): CodeIgniter\CodeIgniter->runController(Object(App\Controllers\Home))
#7 C:\xampp\htdocs\gis\system\CodeIgniter.php(308): CodeIgniter\CodeIgniter->handleRequest(NULL, Object(Config\Cache), false)
#8 C:\xampp\htdocs\gis\index.php(45): CodeIgniter\CodeIgniter->run()
#9 {main}
CRITICAL - 2020-05-22 20:02:06 --> Invalid argument supplied for foreach()
#0 C:\xampp\htdocs\gis\app\Views\layouts\header.php(108): CodeIgniter\Debug\Exceptions->errorHandler(2, 'Invalid argumen...', 'C:\\xampp\\htdocs...', 108, Array)
#1 C:\xampp\htdocs\gis\system\View\View.php(246): include('C:\\xampp\\htdocs...')
#2 C:\xampp\htdocs\gis\system\Common.php(1087): CodeIgniter\View\View->render('layouts/header', Array, true)
#3 C:\xampp\htdocs\gis\app\Controllers\BaseController.php(114): view('layouts/header', Array)
#4 C:\xampp\htdocs\gis\app\Controllers\Home.php(15): App\Controllers\BaseController->renderView('home/index', Array)
#5 C:\xampp\htdocs\gis\system\CodeIgniter.php(914): App\Controllers\Home->administrasi()
#6 C:\xampp\htdocs\gis\system\CodeIgniter.php(400): CodeIgniter\CodeIgniter->runController(Object(App\Controllers\Home))
#7 C:\xampp\htdocs\gis\system\CodeIgniter.php(308): CodeIgniter\CodeIgniter->handleRequest(NULL, Object(Config\Cache), false)
#8 C:\xampp\htdocs\gis\index.php(45): CodeIgniter\CodeIgniter->run()
#9 {main}
CRITICAL - 2020-05-22 20:02:38 --> Invalid argument supplied for foreach()
#0 C:\xampp\htdocs\gis\app\Views\layouts\header.php(108): CodeIgniter\Debug\Exceptions->errorHandler(2, 'Invalid argumen...', 'C:\\xampp\\htdocs...', 108, Array)
#1 C:\xampp\htdocs\gis\system\View\View.php(246): include('C:\\xampp\\htdocs...')
#2 C:\xampp\htdocs\gis\system\Common.php(1087): CodeIgniter\View\View->render('layouts/header', Array, true)
#3 C:\xampp\htdocs\gis\app\Controllers\BaseController.php(114): view('layouts/header', Array)
#4 C:\xampp\htdocs\gis\app\Controllers\Home.php(15): App\Controllers\BaseController->renderView('home/index', Array)
#5 C:\xampp\htdocs\gis\system\CodeIgniter.php(914): App\Controllers\Home->administrasi()
#6 C:\xampp\htdocs\gis\system\CodeIgniter.php(400): CodeIgniter\CodeIgniter->runController(Object(App\Controllers\Home))
#7 C:\xampp\htdocs\gis\system\CodeIgniter.php(308): CodeIgniter\CodeIgniter->handleRequest(NULL, Object(Config\Cache), false)
#8 C:\xampp\htdocs\gis\index.php(45): CodeIgniter\CodeIgniter->run()
#9 {main}
